<?xml version="1.0" encoding="UTF-8"?>
<testsuite name="Download pdf" tests="1" skipped="0" failures="0" errors="0" timestamp="2022-08-11T20:01:39" hostname="CHBOGH0LWD82" time="28.147">
  <properties/>
  <testcase name="Find the PDF document" classname="Download pdf" time="28.147"/>
  <system-out><![CDATA[https://www.banistmo.com/wps/wcm/connect/www.banistmo.com11237/7487365d ee74-464e-9444-fc806b2307db//233/-Contrato Unico de Producto y Servicios Bancarios Oct15.pdf?MOD=AJPERES&CVID=lKMubohhttps://www.banistmo.com/wps/wcm/connect/www.banistmo.com11237/7487365d-ee74-464e-9444-fc806b2307db//233/ Contrato Unico de Producto y Servicios Bancarios Oct15.pdf?MOD=AJPERES&CVID=lKMuboh
/-Contrato Unico de Producto y Servicios Bancarios Oct15.pdf
]]></system-out>
  <system-err><![CDATA[ago 11, 2022 3:01:41 PM org.openqa.selenium.remote.DesiredCapabilities chrome
INFORMACIÓN: Using `new ChromeOptions()` is preferred to `DesiredCapabilities.chrome()`
Starting ChromeDriver 104.0.5112.79 (3cf3e8c8a07d104b9e1260c910efb8f383285dc5-refs/branch-heads/5112@{#1307}) on port 32590
Only local connections are allowed.
Please see https://chromedriver.chromium.org/security-considerations for suggestions on keeping ChromeDriver safe.
ChromeDriver was started successfully.
ago 11, 2022 3:01:45 PM org.openqa.selenium.remote.ProtocolHandshake createSession
INFORMACIÓN: Detected dialect: W3C
[Test worker] INFO net.serenitybdd.core.Serenity - 
        __    _____ _____ ____ _____   ____   _    ____  ____  _____ ____  
  _     \ \  |_   _| ____/ ___|_   _| |  _ \ / \  / ___|/ ___|| ____|  _ \ 
 (_)_____| |   | | |  _| \___ \ | |   | |_) / _ \ \___ \\___ \|  _| | | | |
  _|_____| |   | | | |___ ___) || |   |  __/ ___ \ ___) |___) | |___| |_| |
 (_)     | |   |_| |_____|____/ |_|   |_| /_/   \_\____/|____/|_____|____/ 
        /_/                                                                

TEST PASSED: Find the PDF document
----------------------------------------------------------------------------
]]></system-err>
</testsuite>
